<?xml version="1.0" encoding="UTF-8"?>
<coverage generated="1741950075172" clover="3.2.0">
  <project timestamp="1741950075173" name="All files">
    <metrics statements="13" coveredstatements="3" conditionals="0" coveredconditionals="0" methods="9" coveredmethods="2" elements="22" coveredelements="5" complexity="0" loc="13" ncloc="13" packages="1" files="1" classes="1"/>
    <file name="loginPage.js" path="C:\development\castalk_appium\pages\loginPage.js">
      <metrics statements="13" coveredstatements="3" conditionals="0" coveredconditionals="0" methods="9" coveredmethods="2"/>
      <line num="2" count="1" type="stmt"/>
      <line num="3" count="0" type="stmt"/>
      <line num="4" count="0" type="stmt"/>
      <line num="5" count="0" type="stmt"/>
      <line num="6" count="0" type="stmt"/>
      <line num="7" count="0" type="stmt"/>
      <line num="8" count="0" type="stmt"/>
      <line num="9" count="0" type="stmt"/>
      <line num="12" count="1" type="stmt"/>
      <line num="13" count="0" type="stmt"/>
      <line num="14" count="0" type="stmt"/>
      <line num="15" count="0" type="stmt"/>
      <line num="19" count="1" type="stmt"/>
    </file>
  </project>
</coverage>
